[GIN-debug] [WARNING] Running in "debug" mode. Switch to "release" mode in production.
 - using env:	export GIN_MODE=release
 - using code:	gin.SetMode(gin.ReleaseMode)

[GIN-debug] GET    /css/*filepath            --> github.com/gin-gonic/gin.(*RouterGroup).createStaticHandler.func1 (1 handlers)
[GIN-debug] HEAD   /css/*filepath            --> github.com/gin-gonic/gin.(*RouterGroup).createStaticHandler.func1 (1 handlers)
[GIN-debug] Loaded HTML Templates (4): 
	- 
	- footer.html
	- header.html
	- index.html

[GIN-debug] GET    /api/videos               --> main.main.func1 (5 handlers)
[GIN-debug] POST   /api/videos               --> main.main.func2 (5 handlers)
[GIN-debug] [WARNING] You trusted all proxies, this is NOT safe. We recommend you to set a value.
Please check https://pkg.go.dev/github.com/gin-gonic/gin#readme-don-t-trust-all-proxies for details.
[GIN-debug] Listening and serving HTTP on :3000
::1 - [25 Jun 22 08:48 PDT] POST /api/videos 400 24.9717ms 
::1 - [25 Jun 22 08:49 PDT] POST /api/videos 400 25.9953ms 
::1 - [25 Jun 22 08:49 PDT] POST /api/videos 200 19.0753ms 
::1 - [25 Jun 22 08:49 PDT] POST /api/videos 400 20.0233ms 
::1 - [25 Jun 22 08:50 PDT] POST /api/videos 400 20.3897ms 
::1 - [25 Jun 22 08:50 PDT] POST /api/videos 200 43.7449ms 
::1 - [25 Jun 22 08:51 PDT] POST /api/videos 400 33.5485ms 
::1 - [25 Jun 22 08:53 PDT] POST /api/videos 400 149.4488ms 
::1 - [25 Jun 22 08:53 PDT] POST /api/videos 200 111.4934ms 
::1 - [25 Jun 22 08:53 PDT] GET /api/videos 200 38.5758ms 
::1 - [25 Jun 22 08:54 PDT] POST /api/videos 400 27.3025ms 
::1 - [25 Jun 22 08:54 PDT] POST /api/videos 200 38.2049ms 
